<?xml version="1.0" encoding="UTF-8"?>
<!-- Generated by org.testng.reporters.JUnitReportReporter -->
<testsuite hostname="TRPL-PUN-0268" failures="0" tests="1" name="testCases.SDExecutorTestCase" time="52.068" errors="0" timestamp="2025-07-06T11:46:24 IST" skipped="0">
  <testcase classname="testCases.SDExecutorTestCase" name="EditIcon" time="52.068"/>
  <system-out/>
</testsuite> <!-- testCases.SDExecutorTestCase -->
