<?xml version="1.0" encoding="UTF-8"?>
<!-- Generated by org.testng.reporters.JUnitReportReporter -->
<testsuite hostname="TRPL-PUN-0268" failures="0" tests="1" name="testCases.All_Reviewer_TestCase" time="99.210" errors="0" timestamp="2025-07-22T10:32:15 IST" skipped="0">
  <testcase classname="testCases.All_Reviewer_TestCase" name="RegulatoryAbstractRegional" time="99.210"/>
  <system-out/>
</testsuite> <!-- testCases.All_Reviewer_TestCase -->
