<?xml version="1.0" encoding="UTF-8"?>
<!-- Generated by org.testng.reporters.JUnitReportReporter -->
<testsuite hostname="TRPL-PUN-0268" failures="0" tests="8" name="testCases.FailedTC2" time="889.096" errors="0" timestamp="2025-06-20T13:56:10 IST" skipped="0">
  <testcase classname="testCases.FailedTC2" name="InputUploadTemChha" time="127.588"/>
  <system-out/>
  <testcase classname="testCases.FailedTC2" name="InputUploadCh" time="111.110"/>
  <system-out/>
  <testcase classname="testCases.FailedTC2" name="InputUploadNofileCh" time="103.896"/>
  <system-out/>
  <testcase classname="testCases.FailedTC2" name="IUHistoryCh" time="106.060"/>
  <system-out/>
  <testcase classname="testCases.FailedTC2" name="IUHistoryDCh" time="115.143"/>
  <system-out/>
  <testcase classname="testCases.FailedTC2" name="InputUploadNofilere" time="104.267"/>
  <system-out/>
  <testcase classname="testCases.FailedTC2" name="IUHistoryRe" time="105.338"/>
  <system-out/>
  <testcase classname="testCases.FailedTC2" name="IUHistoryDRe" time="115.694"/>
  <system-out/>
</testsuite> <!-- testCases.FailedTC2 -->
