<?xml version="1.0" encoding="UTF-8"?>
<!-- Generated by org.testng.reporters.JUnitReportReporter -->
<testsuite hostname="TRPL-PUN-0268" failures="0" tests="1" name="testCases.All_Reviewer_TestCase" time="135.288" errors="0" timestamp="2025-07-10T21:13:43 IST" skipped="0">
  <testcase classname="testCases.All_Reviewer_TestCase" name="ChangePassWithInvalidCurrentPass" time="135.288"/>
  <system-out/>
</testsuite> <!-- testCases.All_Reviewer_TestCase -->
