<?xml version="1.0" encoding="UTF-8"?>
<!-- Generated by org.testng.reporters.JUnitReportReporter -->
<testsuite hostname="TRPL-PUN-0268" failures="0" tests="1" name="testCases.FailedTC2" time="126.704" errors="0" timestamp="2025-07-11T19:57:35 IST" skipped="0">
  <testcase classname="testCases.FailedTC2" name="InputUploadFilters" time="126.704"/>
  <system-out/>
</testsuite> <!-- testCases.FailedTC2 -->
