<?xml version="1.0" encoding="UTF-8"?>
<!-- Generated by org.testng.reporters.JUnitReportReporter -->
<testsuite hostname="TRPL-PUN-0268" failures="0" tests="1" name="testCases.PerformerTestCase" time="86.830" errors="0" timestamp="2025-06-30T11:23:21 IST" skipped="0">
  <testcase classname="testCases.PerformerTestCase" name="BulkUpateDesignation" time="86.830"/>
  <system-out/>
</testsuite> <!-- testCases.PerformerTestCase -->
