<?xml version="1.0" encoding="UTF-8"?>
<!-- Generated by org.testng.reporters.JUnitReportReporter -->
<testsuite hostname="TRPL-PUN-0268" failures="0" tests="1" name="testCases.RCPTestCase" time="78.591" errors="0" timestamp="2025-07-24T10:17:24 IST" skipped="0">
  <testcase classname="testCases.RCPTestCase" name="RegistrationOverdueExport" time="78.591"/>
  <system-out/>
</testsuite> <!-- testCases.RCPTestCase -->
