<?xml version="1.0" encoding="UTF-8"?>
<!-- Generated by org.testng.reporters.JUnitReportReporter -->
<testsuite hostname="TRPL-PUN-0268" failures="0" tests="1" name="testCases.All_Distributor_TestCase" time="68.540" errors="0" timestamp="2025-07-10T14:33:31 IST" skipped="0">
  <testcase classname="testCases.All_Distributor_TestCase" name="ComplianceAssignmentRegisterCLRA" time="68.540"/>
  <system-out/>
</testsuite> <!-- testCases.All_Distributor_TestCase -->
