<?xml version="1.0" encoding="UTF-8"?>
<!-- Generated by org.testng.reporters.JUnitReportReporter -->
<testsuite hostname="TRPL-PUN-0268" failures="0" tests="7" name="testCases.SMETestCase" time="584.931" errors="0" timestamp="2025-07-05T13:32:35 IST" skipped="0">
  <testcase classname="testCases.SMETestCase" name="CountMatch" time="109.847"/>
  <system-out/>
  <testcase classname="testCases.SMETestCase" name="PendingAction" time="109.827"/>
  <system-out/>
  <testcase classname="testCases.SMETestCase" name="Overdue" time="103.020"/>
  <system-out/>
  <testcase classname="testCases.SMETestCase" name="Closed" time="113.448"/>
  <system-out/>
  <testcase classname="testCases.SMETestCase" name="NoticeExportBtn" time="60.510"/>
  <system-out/>
  <testcase classname="testCases.SMETestCase" name="NoticeSearchBox" time="46.568"/>
  <system-out/>
  <testcase classname="testCases.SMETestCase" name="NoticeEditDownload" time="41.711"/>
  <system-out/>
</testsuite> <!-- testCases.SMETestCase -->
