<?xml version="1.0" encoding="UTF-8"?>
<!-- Generated by org.testng.reporters.JUnitReportReporter -->
<testsuite hostname="TRPL-PUN-0268" failures="0" tests="1" name="testCases.All_Performer_TestCases" time="182.730" errors="0" timestamp="2025-07-16T10:24:24 IST" skipped="0">
  <testcase classname="testCases.All_Performer_TestCases" name="MastersStaturyDoc" time="182.730"/>
  <system-out/>
</testsuite> <!-- testCases.All_Performer_TestCases -->
