<?xml version="1.0" encoding="UTF-8"?>
<!-- Generated by org.testng.reporters.JUnitReportReporter -->
<testsuite hostname="TRPL-PUN-0268" failures="0" tests="50" name="testCases.All_Performer_TestCases" time="4448.762" errors="0" timestamp="2025-07-09T01:26:33 IST" skipped="0">
  <testcase classname="testCases.All_Performer_TestCases" name="SearchFilerEmp" time="70.802"/>
  <system-out/>
  <testcase classname="testCases.All_Performer_TestCases" name="AddEmployee" time="181.517"/>
  <system-out/>
  <testcase classname="testCases.All_Performer_TestCases" name="OnBoardEntitySearch" time="67.791"/>
  <system-out/>
  <testcase classname="testCases.All_Performer_TestCases" name="OnBoardEntityExport" time="85.939"/>
  <system-out/>
  <testcase classname="testCases.All_Performer_TestCases" name="onBoardEntityPremiseViewBtn" time="57.915"/>
  <system-out/>
  <testcase classname="testCases.All_Performer_TestCases" name="WorkspaceRegister" time="54.563"/>
  <system-out/>
  <testcase classname="testCases.All_Performer_TestCases" name="WorkspaceChallanAct" time="53.168"/>
  <system-out/>
  <testcase classname="testCases.All_Performer_TestCases" name="WorkspaceChallanActs" time="64.337"/>
  <system-out/>
  <testcase classname="testCases.All_Performer_TestCases" name="WorkspaceRegisterActs" time="67.470"/>
  <system-out/>
  <testcase classname="testCases.All_Performer_TestCases" name="WorkspaceReturnActs" time="73.966"/>
  <system-out/>
  <testcase classname="testCases.All_Performer_TestCases" name="WorkspaceReturnQuarterlyActs" time="74.473"/>
  <system-out/>
  <testcase classname="testCases.All_Performer_TestCases" name="WorkspaceReturnHalfYearlyActs" time="78.720"/>
  <system-out/>
  <testcase classname="testCases.All_Performer_TestCases" name="WorkspaceReturnAnnualActs" time="83.426"/>
  <system-out/>
  <testcase classname="testCases.All_Performer_TestCases" name="WorkspaceReturnBiAnnualActs" time="81.253"/>
  <system-out/>
  <testcase classname="testCases.All_Performer_TestCases" name="WorkspaceSelectYearColumn" time="87.884"/>
  <system-out/>
  <testcase classname="testCases.All_Performer_TestCases" name="WorkspaceSelectPeriodColumn" time="73.835"/>
  <system-out/>
  <testcase classname="testCases.All_Performer_TestCases" name="WorkspaceApplyClearProceed" time="118.295"/>
  <system-out/>
  <testcase classname="testCases.All_Performer_TestCases" name="WorkspaceChallanForms" time="80.892"/>
  <system-out/>
  <testcase classname="testCases.All_Performer_TestCases" name="WorkspaceRegistersForms" time="79.715"/>
  <system-out/>
  <testcase classname="testCases.All_Performer_TestCases" name="WorkspaceReturnForms" time="85.498"/>
  <system-out/>
  <testcase classname="testCases.All_Performer_TestCases" name="WorkspaceRegistersSingleFormSelection" time="90.439"/>
  <system-out/>
  <testcase classname="testCases.All_Performer_TestCases" name="WorkspaceProceedBtn" time="126.830"/>
  <system-out/>
  <testcase classname="testCases.All_Performer_TestCases" name="History" time="131.688"/>
  <system-out/>
  <testcase classname="testCases.All_Performer_TestCases" name="WorkspaceSampleTemplate" time="111.516"/>
  <system-out/>
  <testcase classname="testCases.All_Performer_TestCases" name="WorkspaceEmptyFile" time="133.757"/>
  <system-out/>
  <testcase classname="testCases.All_Performer_TestCases" name="WorkspaceErrorFileUpload" time="152.126"/>
  <system-out/>
  <testcase classname="testCases.All_Performer_TestCases" name="WorkspaceInvalidFileDownloadErrorFile" time="171.142"/>
  <system-out/>
  <testcase classname="testCases.All_Performer_TestCases" name="ECRMasterSearch" time="69.916"/>
  <system-out/>
  <testcase classname="testCases.All_Performer_TestCases" name="ECRMasterExport" time="76.460"/>
  <system-out/>
  <testcase classname="testCases.All_Performer_TestCases" name="ECRMasterAddNewInvalidId" time="46.745"/>
  <system-out/>
  <testcase classname="testCases.All_Performer_TestCases" name="StatutoryDocumentModule" time="44.300"/>
  <system-out/>
  <testcase classname="testCases.All_Performer_TestCases" name="SubcodeMasterSearch" time="68.062"/>
  <system-out/>
  <testcase classname="testCases.All_Performer_TestCases" name="SubcodeMasterAddNew" time="55.762"/>
  <system-out/>
  <testcase classname="testCases.All_Performer_TestCases" name="SubcodeMasterExportbutton" time="118.925"/>
  <system-out/>
  <testcase classname="testCases.All_Performer_TestCases" name="DispensaryMasterSearch" time="78.615"/>
  <system-out/>
  <testcase classname="testCases.All_Performer_TestCases" name="DispensaryMasterAddNew" time="73.350"/>
  <system-out/>
  <testcase classname="testCases.All_Performer_TestCases" name="DispensaryMasterExport" time="125.836"/>
  <system-out/>
  <testcase classname="testCases.All_Performer_TestCases" name="DispensaryMasterEditPopup" time="70.563"/>
  <system-out/>
  <testcase classname="testCases.All_Performer_TestCases" name="ESICInputs_NewGeneration" time="96.208"/>
  <system-out/>
  <testcase classname="testCases.All_Performer_TestCases" name="ESICInputs_NewGeneration_UploadValidation" time="84.671"/>
  <system-out/>
  <testcase classname="testCases.All_Performer_TestCases" name="ESICInputs_NewGeneration_BrowseDelete" time="133.583"/>
  <system-out/>
  <testcase classname="testCases.All_Performer_TestCases" name="ESICInputs_Updation_SampleFile" time="99.683"/>
  <system-out/>
  <testcase classname="testCases.All_Performer_TestCases" name="ESICInputs_Updation_UploadValidation" time="81.746"/>
  <system-out/>
  <testcase classname="testCases.All_Performer_TestCases" name="ESICInputs_Updation_BrowseDelete" time="109.466"/>
  <system-out/>
  <testcase classname="testCases.All_Performer_TestCases" name="ESICInputs_Downloads_SampleFile" time="82.032"/>
  <system-out/>
  <testcase classname="testCases.All_Performer_TestCases" name="ESICInputs_Downloads_UploadValidation" time="75.634"/>
  <system-out/>
  <testcase classname="testCases.All_Performer_TestCases" name="ESICInputs_Downloads_BrowseDelete" time="81.519"/>
  <system-out/>
  <testcase classname="testCases.All_Performer_TestCases" name="ESICInputs_Failed_SampleDownload" time="78.340"/>
  <system-out/>
  <testcase classname="testCases.All_Performer_TestCases" name="ESICInputs_Failed_UploadValidation" time="76.263"/>
  <system-out/>
  <testcase classname="testCases.All_Performer_TestCases" name="ESICInputs_Failed_BrowseDelete" time="82.126"/>
  <system-out/>
</testsuite> <!-- testCases.All_Performer_TestCases -->
