<?xml version="1.0" encoding="UTF-8"?>
<!-- Generated by org.testng.reporters.JUnitReportReporter -->
<testsuite hostname="TRPL-PUN-0268" failures="0" tests="35" name="testCases.CoordinatorTestCases" time="2603.139" errors="2" timestamp="2025-07-03T21:32:26 IST" skipped="0">
  <testcase classname="testCases.CoordinatorTestCases" name="CoordinatorLogo" time="39.597"/>
  <system-out/>
  <testcase classname="testCases.CoordinatorTestCases" name="ColumnExpandIcon" time="50.559"/>
  <system-out/>
  <testcase classname="testCases.CoordinatorTestCases" name="Noticelinkbuttonworking" time="66.164"/>
  <system-out/>
  <testcase classname="testCases.CoordinatorTestCases" name="NoticelinkbuttonDashboard" time="48.648"/>
  <system-out/>
  <testcase classname="testCases.CoordinatorTestCases" name="CountMatch" time="102.036"/>
  <system-out/>
  <testcase classname="testCases.CoordinatorTestCases" name="PendingAction" time="97.372"/>
  <system-out/>
  <testcase classname="testCases.CoordinatorTestCases" name="Overdue" time="97.371"/>
  <system-out/>
  <testcase classname="testCases.CoordinatorTestCases" name="Closed" time="101.421"/>
  <system-out/>
  <testcase classname="testCases.CoordinatorTestCases" name="AddNewNotices" time="154.484"/>
  <system-out/>
  <testcase classname="testCases.CoordinatorTestCases" name="ExistingNotice" time="49.179">
    <error message="element click intercepted: Element &lt;button _ngcontent-ng-c4143028891=&quot;&quot; title=&quot;Add Notice&quot; class=&quot;figma-btn-blue&quot; style=&quot;float: right;&quot;&gt;...&lt;/button&gt; is not clickable at point (1089, 207). Other element would receive the click: &lt;div _ngcontent-ng-c4143028891=&quot;&quot; class=&quot;loader-overlay&quot;&gt;...&lt;/div&gt;
  (Session info: chrome=137.0.7151.120)
Build info: version: &#039;3.141.0&#039;, revision: &#039;2ecb7d9a&#039;, time: &#039;2018-10-31T20:09:30&#039;
System info: host: &#039;TRPL-PUN-0268&#039;, ip: &#039;192.168.1.6&#039;, os.name: &#039;Windows 11&#039;, os.arch: &#039;amd64&#039;, os.version: &#039;10.0&#039;, java.version: &#039;23.0.1&#039;
Driver info: org.openqa.selenium.chrome.ChromeDriver
Capabilities {acceptInsecureCerts: false, browserName: chrome, browserVersion: 137.0.7151.120, chrome: {chromedriverVersion: 136.0.7103.113 (76fa3c17824..., userDataDir: C:\Users\bilali\AppData\Loc...}, fedcm:accounts: true, goog:chromeOptions: {debuggerAddress: localhost:56631}, javascriptEnabled: true, networkConnectionEnabled: false, pageLoadStrategy: normal, platform: WINDOWS, platformName: WINDOWS, proxy: Proxy(), setWindowRect: true, strictFileInteractability: false, timeouts: {implicit: 0, pageLoad: 300000, script: 30000}, unhandledPromptBehavior: dismiss and notify, webauthn:extension:credBlob: true, webauthn:extension:largeBlob: true, webauthn:extension:minPinLength: true, webauthn:extension:prf: true, webauthn:virtualAuthenticators: true}
Session ID: f52f12ae00d453c12f0e9348e471bf2d" type="org.openqa.selenium.ElementClickInterceptedException">
      <![CDATA[org.openqa.selenium.ElementClickInterceptedException: element click intercepted: Element <button _ngcontent-ng-c4143028891="" title="Add Notice" class="figma-btn-blue" style="float: right;">...</button> is not clickable at point (1089, 207). Other element would receive the click: <div _ngcontent-ng-c4143028891="" class="loader-overlay">...</div>
  (Session info: chrome=137.0.7151.120)
Build info: version: '3.141.0', revision: '2ecb7d9a', time: '2018-10-31T20:09:30'
System info: host: 'TRPL-PUN-0268', ip: '192.168.1.6', os.name: 'Windows 11', os.arch: 'amd64', os.version: '10.0', java.version: '23.0.1'
Driver info: org.openqa.selenium.chrome.ChromeDriver
Capabilities {acceptInsecureCerts: false, browserName: chrome, browserVersion: 137.0.7151.120, chrome: {chromedriverVersion: 136.0.7103.113 (76fa3c17824..., userDataDir: C:\Users\bilali\AppData\Loc...}, fedcm:accounts: true, goog:chromeOptions: {debuggerAddress: localhost:56631}, javascriptEnabled: true, networkConnectionEnabled: false, pageLoadStrategy: normal, platform: WINDOWS, platformName: WINDOWS, proxy: Proxy(), setWindowRect: true, strictFileInteractability: false, timeouts: {implicit: 0, pageLoad: 300000, script: 30000}, unhandledPromptBehavior: dismiss and notify, webauthn:extension:credBlob: true, webauthn:extension:largeBlob: true, webauthn:extension:minPinLength: true, webauthn:extension:prf: true, webauthn:virtualAuthenticators: true}
Session ID: f52f12ae00d453c12f0e9348e471bf2d
at java.base/jdk.internal.reflect.DirectConstructorHandleAccessor.newInstance(DirectConstructorHandleAccessor.java:62)
at java.base/java.lang.reflect.Constructor.newInstanceWithCaller(Constructor.java:501)
at java.base/java.lang.reflect.Constructor.newInstance(Constructor.java:485)
at org.openqa.selenium.remote.http.W3CHttpResponseCodec.createException(W3CHttpResponseCodec.java:187)
at org.openqa.selenium.remote.http.W3CHttpResponseCodec.decode(W3CHttpResponseCodec.java:122)
at org.openqa.selenium.remote.http.W3CHttpResponseCodec.decode(W3CHttpResponseCodec.java:49)
at org.openqa.selenium.remote.HttpCommandExecutor.execute(HttpCommandExecutor.java:158)
at org.openqa.selenium.remote.service.DriverCommandExecutor.execute(DriverCommandExecutor.java:83)
at org.openqa.selenium.remote.RemoteWebDriver.execute(RemoteWebDriver.java:552)
at org.openqa.selenium.remote.RemoteWebElement.execute(RemoteWebElement.java:285)
at org.openqa.selenium.remote.RemoteWebElement.click(RemoteWebElement.java:84)
at coordinator.CoordinatorMethod.ExistingNotice(CoordinatorMethod.java:466)
at testCases.CoordinatorTestCases.ExistingNotice(CoordinatorTestCases.java:176)
at java.base/jdk.internal.reflect.DirectMethodHandleAccessor.invoke(DirectMethodHandleAccessor.java:103)
at java.base/java.lang.reflect.Method.invoke(Method.java:580)
at org.testng.internal.invokers.MethodInvocationHelper.invokeMethod(MethodInvocationHelper.java:139)
at org.testng.internal.invokers.TestInvoker.invokeMethod(TestInvoker.java:677)
at org.testng.internal.invokers.TestInvoker.invokeTestMethod(TestInvoker.java:221)
at org.testng.internal.invokers.MethodRunner.runInSequence(MethodRunner.java:50)
at org.testng.internal.invokers.TestInvoker$MethodInvocationAgent.invoke(TestInvoker.java:969)
at org.testng.internal.invokers.TestInvoker.invokeTestMethods(TestInvoker.java:194)
at org.testng.internal.invokers.TestMethodWorker.invokeTestMethods(TestMethodWorker.java:148)
at org.testng.internal.invokers.TestMethodWorker.run(TestMethodWorker.java:128)
at java.base/java.util.ArrayList.forEach(ArrayList.java:1597)
at org.testng.TestRunner.privateRun(TestRunner.java:829)
at org.testng.TestRunner.run(TestRunner.java:602)
at org.testng.SuiteRunner.runTest(SuiteRunner.java:437)
at org.testng.SuiteRunner.runSequentially(SuiteRunner.java:431)
at org.testng.SuiteRunner.privateRun(SuiteRunner.java:391)
at org.testng.SuiteRunner.run(SuiteRunner.java:330)
at org.testng.SuiteRunnerWorker.runSuite(SuiteRunnerWorker.java:52)
at org.testng.SuiteRunnerWorker.run(SuiteRunnerWorker.java:95)
at org.testng.TestNG.runSuitesSequentially(TestNG.java:1256)
at org.testng.TestNG.runSuitesLocally(TestNG.java:1176)
at org.testng.TestNG.runSuites(TestNG.java:1099)
at org.testng.TestNG.run(TestNG.java:1067)
at org.testng.remote.AbstractRemoteTestNG.run(AbstractRemoteTestNG.java:115)
at org.testng.remote.RemoteTestNG.initAndRun(RemoteTestNG.java:293)
at org.testng.remote.RemoteTestNG.main(RemoteTestNG.java:91)
]]>
    </error>
  </testcase> <!-- ExistingNotice -->
  <system-out/>
  <testcase classname="testCases.CoordinatorTestCases" name="NoticeDocMandatory" time="37.773"/>
  <system-out/>
  <testcase classname="testCases.CoordinatorTestCases" name="NoticeExportBtn" time="54.578"/>
  <system-out/>
  <testcase classname="testCases.CoordinatorTestCases" name="NoticeSearchBox" time="210.990"/>
  <system-out/>
  <testcase classname="testCases.CoordinatorTestCases" name="NoticeEditDownload" time="74.623"/>
  <system-out/>
  <testcase classname="testCases.CoordinatorTestCases" name="NoticeEditAllTabsCheck" time="68.301"/>
  <system-out/>
  <testcase classname="testCases.CoordinatorTestCases" name="RegistrationCountMatch" time="88.806"/>
  <system-out/>
  <testcase classname="testCases.CoordinatorTestCases" name="RegistrationPendingAction" time="89.417"/>
  <system-out/>
  <testcase classname="testCases.CoordinatorTestCases" name="RegistrationOverdue" time="86.053"/>
  <system-out/>
  <testcase classname="testCases.CoordinatorTestCases" name="RegistrationClosed" time="87.314"/>
  <system-out/>
  <testcase classname="testCases.CoordinatorTestCases" name="SearchBox" time="86.396"/>
  <system-out/>
  <testcase classname="testCases.CoordinatorTestCases" name="AddNewLicense" time="70.139"/>
  <system-out/>
  <testcase classname="testCases.CoordinatorTestCases" name="ExportBtn" time="69.444"/>
  <system-out/>
  <testcase classname="testCases.CoordinatorTestCases" name="EditIcon" time="33.595"/>
  <system-out/>
  <testcase classname="testCases.CoordinatorTestCases" name="EditIconMiniTabsLicense" time="67.449"/>
  <system-out/>
  <testcase classname="testCases.CoordinatorTestCases" name="EditIconBasicInfoSave" time="53.697"/>
  <system-out/>
  <testcase classname="testCases.CoordinatorTestCases" name="EditIconOtherTabsView" time="68.448"/>
  <system-out/>
  <testcase classname="testCases.CoordinatorTestCases" name="ExistingLicenseCountMatch" time="62.606"/>
  <system-out/>
  <testcase classname="testCases.CoordinatorTestCases" name="ExistingLicenseendingAction" time="59.159"/>
  <system-out/>
  <testcase classname="testCases.CoordinatorTestCases" name="ExistingLicenseOverdue" time="53.919"/>
  <system-out/>
  <testcase classname="testCases.CoordinatorTestCases" name="ExistingLicenseClosed" time="60.338"/>
  <system-out/>
  <testcase classname="testCases.CoordinatorTestCases" name="ExsitingLicenseExport" time="59.358"/>
  <system-out/>
  <testcase classname="testCases.CoordinatorTestCases" name="SearchBoxExistiongLicense" time="51.043"/>
  <system-out/>
  <testcase classname="testCases.CoordinatorTestCases" name="ExistingLicenseViewIcon" time="69.847"/>
  <system-out/>
  <testcase classname="testCases.CoordinatorTestCases" name="ExistingLicenseInitiateAction" time="51.169">
    <error message="element click intercepted: Element &lt;a _ngcontent-ng-c1858865335=&quot;&quot; class=&quot;tabs&quot;&gt;...&lt;/a&gt; is not clickable at point (477, 76). Other element would receive the click: &lt;div _ngcontent-ng-c3420168903=&quot;&quot; class=&quot;loader-overlay&quot;&gt;...&lt;/div&gt;
  (Session info: chrome=137.0.7151.120)
Build info: version: &#039;3.141.0&#039;, revision: &#039;2ecb7d9a&#039;, time: &#039;2018-10-31T20:09:30&#039;
System info: host: &#039;TRPL-PUN-0268&#039;, ip: &#039;192.168.1.6&#039;, os.name: &#039;Windows 11&#039;, os.arch: &#039;amd64&#039;, os.version: &#039;10.0&#039;, java.version: &#039;23.0.1&#039;
Driver info: org.openqa.selenium.chrome.ChromeDriver
Capabilities {acceptInsecureCerts: false, browserName: chrome, browserVersion: 137.0.7151.120, chrome: {chromedriverVersion: 136.0.7103.113 (76fa3c17824..., userDataDir: C:\Users\bilali\AppData\Loc...}, fedcm:accounts: true, goog:chromeOptions: {debuggerAddress: localhost:57909}, javascriptEnabled: true, networkConnectionEnabled: false, pageLoadStrategy: normal, platform: WINDOWS, platformName: WINDOWS, proxy: Proxy(), setWindowRect: true, strictFileInteractability: false, timeouts: {implicit: 0, pageLoad: 300000, script: 30000}, unhandledPromptBehavior: dismiss and notify, webauthn:extension:credBlob: true, webauthn:extension:largeBlob: true, webauthn:extension:minPinLength: true, webauthn:extension:prf: true, webauthn:virtualAuthenticators: true}
Session ID: 636a0c2bc14ed5bc729c407062550ffb" type="org.openqa.selenium.ElementClickInterceptedException">
      <![CDATA[org.openqa.selenium.ElementClickInterceptedException: element click intercepted: Element <a _ngcontent-ng-c1858865335="" class="tabs">...</a> is not clickable at point (477, 76). Other element would receive the click: <div _ngcontent-ng-c3420168903="" class="loader-overlay">...</div>
  (Session info: chrome=137.0.7151.120)
Build info: version: '3.141.0', revision: '2ecb7d9a', time: '2018-10-31T20:09:30'
System info: host: 'TRPL-PUN-0268', ip: '192.168.1.6', os.name: 'Windows 11', os.arch: 'amd64', os.version: '10.0', java.version: '23.0.1'
Driver info: org.openqa.selenium.chrome.ChromeDriver
Capabilities {acceptInsecureCerts: false, browserName: chrome, browserVersion: 137.0.7151.120, chrome: {chromedriverVersion: 136.0.7103.113 (76fa3c17824..., userDataDir: C:\Users\bilali\AppData\Loc...}, fedcm:accounts: true, goog:chromeOptions: {debuggerAddress: localhost:57909}, javascriptEnabled: true, networkConnectionEnabled: false, pageLoadStrategy: normal, platform: WINDOWS, platformName: WINDOWS, proxy: Proxy(), setWindowRect: true, strictFileInteractability: false, timeouts: {implicit: 0, pageLoad: 300000, script: 30000}, unhandledPromptBehavior: dismiss and notify, webauthn:extension:credBlob: true, webauthn:extension:largeBlob: true, webauthn:extension:minPinLength: true, webauthn:extension:prf: true, webauthn:virtualAuthenticators: true}
Session ID: 636a0c2bc14ed5bc729c407062550ffb
at java.base/jdk.internal.reflect.DirectConstructorHandleAccessor.newInstance(DirectConstructorHandleAccessor.java:62)
at java.base/java.lang.reflect.Constructor.newInstanceWithCaller(Constructor.java:501)
at java.base/java.lang.reflect.Constructor.newInstance(Constructor.java:485)
at org.openqa.selenium.remote.http.W3CHttpResponseCodec.createException(W3CHttpResponseCodec.java:187)
at org.openqa.selenium.remote.http.W3CHttpResponseCodec.decode(W3CHttpResponseCodec.java:122)
at org.openqa.selenium.remote.http.W3CHttpResponseCodec.decode(W3CHttpResponseCodec.java:49)
at org.openqa.selenium.remote.HttpCommandExecutor.execute(HttpCommandExecutor.java:158)
at org.openqa.selenium.remote.service.DriverCommandExecutor.execute(DriverCommandExecutor.java:83)
at org.openqa.selenium.remote.RemoteWebDriver.execute(RemoteWebDriver.java:552)
at org.openqa.selenium.remote.RemoteWebElement.execute(RemoteWebElement.java:285)
at org.openqa.selenium.remote.RemoteWebElement.click(RemoteWebElement.java:84)
at coordinator.CoordinatorMethod.ExistingLicenseInitiateAction(CoordinatorMethod.java:2891)
at testCases.CoordinatorTestCases.ExistingLicenseInitiateAction(CoordinatorTestCases.java:591)
at java.base/jdk.internal.reflect.DirectMethodHandleAccessor.invoke(DirectMethodHandleAccessor.java:103)
at java.base/java.lang.reflect.Method.invoke(Method.java:580)
at org.testng.internal.invokers.MethodInvocationHelper.invokeMethod(MethodInvocationHelper.java:139)
at org.testng.internal.invokers.TestInvoker.invokeMethod(TestInvoker.java:677)
at org.testng.internal.invokers.TestInvoker.invokeTestMethod(TestInvoker.java:221)
at org.testng.internal.invokers.MethodRunner.runInSequence(MethodRunner.java:50)
at org.testng.internal.invokers.TestInvoker$MethodInvocationAgent.invoke(TestInvoker.java:969)
at org.testng.internal.invokers.TestInvoker.invokeTestMethods(TestInvoker.java:194)
at org.testng.internal.invokers.TestMethodWorker.invokeTestMethods(TestMethodWorker.java:148)
at org.testng.internal.invokers.TestMethodWorker.run(TestMethodWorker.java:128)
at java.base/java.util.ArrayList.forEach(ArrayList.java:1597)
at org.testng.TestRunner.privateRun(TestRunner.java:829)
at org.testng.TestRunner.run(TestRunner.java:602)
at org.testng.SuiteRunner.runTest(SuiteRunner.java:437)
at org.testng.SuiteRunner.runSequentially(SuiteRunner.java:431)
at org.testng.SuiteRunner.privateRun(SuiteRunner.java:391)
at org.testng.SuiteRunner.run(SuiteRunner.java:330)
at org.testng.SuiteRunnerWorker.runSuite(SuiteRunnerWorker.java:52)
at org.testng.SuiteRunnerWorker.run(SuiteRunnerWorker.java:95)
at org.testng.TestNG.runSuitesSequentially(TestNG.java:1256)
at org.testng.TestNG.runSuitesLocally(TestNG.java:1176)
at org.testng.TestNG.runSuites(TestNG.java:1099)
at org.testng.TestNG.run(TestNG.java:1067)
at org.testng.remote.AbstractRemoteTestNG.run(AbstractRemoteTestNG.java:115)
at org.testng.remote.RemoteTestNG.initAndRun(RemoteTestNG.java:293)
at org.testng.remote.RemoteTestNG.main(RemoteTestNG.java:91)
]]>
    </error>
  </testcase> <!-- ExistingLicenseInitiateAction -->
  <system-out/>
  <testcase classname="testCases.CoordinatorTestCases" name="ExistingLicenseDownload" time="81.846"/>
  <system-out/>
</testsuite> <!-- testCases.CoordinatorTestCases -->
