<?xml version="1.0" encoding="UTF-8"?>
<!-- Generated by org.testng.reporters.JUnitReportReporter -->
<testsuite hostname="TRPL-PUN-0268" failures="0" tests="1" name="testCases.PerformerT" time="79.629" errors="0" timestamp="2025-07-22T16:58:30 IST" skipped="0">
  <testcase classname="testCases.PerformerT" name="StaturyDocPF_Basic_EPFwagesMatching" time="79.629"/>
  <system-out/>
</testsuite> <!-- testCases.PerformerT -->
