<?xml version="1.0" encoding="UTF-8"?>
<!-- Generated by org.testng.reporters.JUnitReportReporter -->
<testsuite hostname="TRPL-PUN-0268" failures="0" tests="7" name="testCases.SMETestCase" time="576.161" errors="0" timestamp="2025-07-13T22:24:59 IST" skipped="0">
  <testcase classname="testCases.SMETestCase" name="CountMatch" time="106.203"/>
  <system-out/>
  <testcase classname="testCases.SMETestCase" name="PendingAction" time="109.283"/>
  <system-out/>
  <testcase classname="testCases.SMETestCase" name="Overdue" time="107.526"/>
  <system-out/>
  <testcase classname="testCases.SMETestCase" name="Closed" time="110.622"/>
  <system-out/>
  <testcase classname="testCases.SMETestCase" name="NoticeExportBtn" time="55.414"/>
  <system-out/>
  <testcase classname="testCases.SMETestCase" name="NoticeSearchBox" time="39.653"/>
  <system-out/>
  <testcase classname="testCases.SMETestCase" name="NoticeEditDownload" time="47.460"/>
  <system-out/>
</testsuite> <!-- testCases.SMETestCase -->
