<?xml version="1.0" encoding="UTF-8"?>
<!-- Generated by org.testng.reporters.JUnitReportReporter -->
<testsuite hostname="TRPL-PUN-0268" failures="0" tests="1" name="testCases.SMETestCase" time="151.689" errors="0" timestamp="2025-07-19T20:42:04 IST" skipped="0">
  <testcase classname="testCases.SMETestCase" name="PendingAction" time="151.689"/>
  <system-out/>
</testsuite> <!-- testCases.SMETestCase -->
