<?xml version="1.0" encoding="UTF-8"?>
<!-- Generated by org.testng.reporters.JUnitReportReporter -->
<testsuite hostname="TRPL-PUN-0268" failures="0" tests="1" name="BusinessUseCases.PF_Working" time="149.670" errors="0" timestamp="2025-07-21T12:13:05 IST" skipped="0">
  <testcase classname="BusinessUseCases.PF_Working" name="StaturyDocPF_Basic_EPFwagesMatching" time="149.670"/>
  <system-out/>
</testsuite> <!-- BusinessUseCases.PF_Working -->
