<?xml version="1.0" encoding="UTF-8"?>
<!-- Generated by org.testng.reporters.JUnitReportReporter -->
<testsuite hostname="TRPL-PUN-0268" failures="0" tests="7" name="testCases.SMETestCase" time="556.850" errors="0" timestamp="2025-07-20T23:06:38 IST" skipped="0">
  <testcase classname="testCases.SMETestCase" name="CountMatch" time="105.394"/>
  <system-out/>
  <testcase classname="testCases.SMETestCase" name="PendingAction" time="108.347"/>
  <system-out/>
  <testcase classname="testCases.SMETestCase" name="Overdue" time="107.573"/>
  <system-out/>
  <testcase classname="testCases.SMETestCase" name="Closed" time="108.666"/>
  <system-out/>
  <testcase classname="testCases.SMETestCase" name="NoticeExportBtn" time="52.808"/>
  <system-out/>
  <testcase classname="testCases.SMETestCase" name="NoticeSearchBox" time="36.257"/>
  <system-out/>
  <testcase classname="testCases.SMETestCase" name="NoticeEditDownload" time="37.805"/>
  <system-out/>
</testsuite> <!-- testCases.SMETestCase -->
