<?xml version="1.0" encoding="UTF-8"?>
<!-- Generated by org.testng.reporters.JUnitReportReporter -->
<testsuite hostname="TRPL-PUN-0268" failures="0" tests="1" name="testCases.PerformerT" time="107.069" errors="0" timestamp="2025-07-23T23:42:00 IST" skipped="0">
  <testcase classname="testCases.PerformerT" name="StaturyDocPF_Basic_BasicWagesColumn" time="107.069"/>
  <system-out/>
</testsuite> <!-- testCases.PerformerT -->
