<?xml version="1.0" encoding="UTF-8"?>
<!-- Generated by org.testng.reporters.JUnitReportReporter -->
<testsuite hostname="TRPL-PUN-0268" failures="0" tests="1" name="testCases.All_Client_Portal_TestCases" time="137.566" errors="0" timestamp="2025-07-24T17:45:39 IST" skipped="0">
  <testcase classname="testCases.All_Client_Portal_TestCases" name="AssignedCompliancesRgisterReturnChallanCount" time="137.566"/>
  <system-out/>
</testsuite> <!-- testCases.All_Client_Portal_TestCases -->
