<?xml version="1.0" encoding="UTF-8"?>
<!-- Generated by org.testng.reporters.JUnitReportReporter -->
<testsuite hostname="TRPL-PUN-0268" failures="0" tests="1" name="testCases.Failed_TestCaseRun" time="323.898" errors="0" timestamp="2025-04-21T11:34:01 IST" skipped="0">
  <testcase classname="testCases.Failed_TestCaseRun" name="ViewAddNewNotices" time="323.898"/>
  <system-out/>
</testsuite> <!-- testCases.Failed_TestCaseRun -->
