<?xml version="1.0" encoding="UTF-8"?>
<!-- Generated by org.testng.reporters.JUnitReportReporter -->
<testsuite hostname="TRPL-PUN-0268" failures="0" tests="1" name="testCases.PerformerT" time="83.484" errors="0" timestamp="2025-07-03T21:54:29 IST" skipped="0">
  <testcase classname="testCases.PerformerT" name="StaturyDocuPT" time="83.484"/>
  <system-out/>
</testsuite> <!-- testCases.PerformerT -->
