<?xml version="1.0" encoding="UTF-8"?>
<!-- Generated by org.testng.reporters.JUnitReportReporter -->
<testsuite hostname="TRPL-PUN-0268" failures="0" tests="1" name="testCases.All_Distributor_TWO" time="459.008" errors="0" timestamp="2025-07-24T16:26:59 IST" skipped="0">
  <testcase classname="testCases.All_Distributor_TWO" name="RiskSummaryCompliedGraph" time="459.008"/>
  <system-out/>
</testsuite> <!-- testCases.All_Distributor_TWO -->
