<?xml version="1.0" encoding="UTF-8"?>
<!-- Generated by org.testng.reporters.JUnitReportReporter -->
<testsuite hostname="TRPL-PUN-0268" failures="0" tests="35" name="testCases.CoordinatorTestCases" time="2491.757" errors="1" timestamp="2025-07-12T20:00:54 IST" skipped="0">
  <testcase classname="testCases.CoordinatorTestCases" name="CoordinatorLogo" time="37.083"/>
  <system-out/>
  <testcase classname="testCases.CoordinatorTestCases" name="ColumnExpandIcon" time="47.729"/>
  <system-out/>
  <testcase classname="testCases.CoordinatorTestCases" name="Noticelinkbuttonworking" time="49.639"/>
  <system-out/>
  <testcase classname="testCases.CoordinatorTestCases" name="NoticelinkbuttonDashboard" time="42.860"/>
  <system-out/>
  <testcase classname="testCases.CoordinatorTestCases" name="CountMatch" time="96.279"/>
  <system-out/>
  <testcase classname="testCases.CoordinatorTestCases" name="PendingAction" time="95.660"/>
  <system-out/>
  <testcase classname="testCases.CoordinatorTestCases" name="Overdue" time="95.295"/>
  <system-out/>
  <testcase classname="testCases.CoordinatorTestCases" name="Closed" time="98.835"/>
  <system-out/>
  <testcase classname="testCases.CoordinatorTestCases" name="AddNewNotices" time="122.366"/>
  <system-out/>
  <testcase classname="testCases.CoordinatorTestCases" name="ExistingNotice" time="68.345"/>
  <system-out/>
  <testcase classname="testCases.CoordinatorTestCases" name="NoticeDocMandatory" time="33.050"/>
  <system-out/>
  <testcase classname="testCases.CoordinatorTestCases" name="NoticeExportBtn" time="50.707"/>
  <system-out/>
  <testcase classname="testCases.CoordinatorTestCases" name="NoticeSearchBox" time="241.938"/>
  <system-out/>
  <testcase classname="testCases.CoordinatorTestCases" name="NoticeEditDownload" time="71.630"/>
  <system-out/>
  <testcase classname="testCases.CoordinatorTestCases" name="NoticeEditAllTabsCheck" time="74.515"/>
  <system-out/>
  <testcase classname="testCases.CoordinatorTestCases" name="RegistrationCountMatch" time="82.789"/>
  <system-out/>
  <testcase classname="testCases.CoordinatorTestCases" name="RegistrationPendingAction" time="91.145"/>
  <system-out/>
  <testcase classname="testCases.CoordinatorTestCases" name="RegistrationOverdue" time="82.167"/>
  <system-out/>
  <testcase classname="testCases.CoordinatorTestCases" name="RegistrationClosed" time="85.233"/>
  <system-out/>
  <testcase classname="testCases.CoordinatorTestCases" name="SearchBox" time="78.771"/>
  <system-out/>
  <testcase classname="testCases.CoordinatorTestCases" name="AddNewLicense" time="59.669"/>
  <system-out/>
  <testcase classname="testCases.CoordinatorTestCases" name="ExportBtn" time="67.856"/>
  <system-out/>
  <testcase classname="testCases.CoordinatorTestCases" name="EditIcon" time="35.978"/>
  <system-out/>
  <testcase classname="testCases.CoordinatorTestCases" name="EditIconMiniTabsLicense" time="61.202"/>
  <system-out/>
  <testcase classname="testCases.CoordinatorTestCases" name="EditIconBasicInfoSave" time="49.643"/>
  <system-out/>
  <testcase classname="testCases.CoordinatorTestCases" name="EditIconOtherTabsView" time="60.263"/>
  <system-out/>
  <testcase classname="testCases.CoordinatorTestCases" name="ExistingLicenseCountMatch" time="53.566"/>
  <system-out/>
  <testcase classname="testCases.CoordinatorTestCases" name="ExistingLicenseendingAction" time="51.650"/>
  <system-out/>
  <testcase classname="testCases.CoordinatorTestCases" name="ExistingLicenseOverdue" time="57.262"/>
  <system-out/>
  <testcase classname="testCases.CoordinatorTestCases" name="ExistingLicenseClosed" time="54.561"/>
  <system-out/>
  <testcase classname="testCases.CoordinatorTestCases" name="ExsitingLicenseExport" time="56.664"/>
  <system-out/>
  <testcase classname="testCases.CoordinatorTestCases" name="SearchBoxExistiongLicense" time="49.258"/>
  <system-out/>
  <testcase classname="testCases.CoordinatorTestCases" name="ExistingLicenseViewIcon" time="50.814"/>
  <system-out/>
  <testcase classname="testCases.CoordinatorTestCases" name="ExistingLicenseInitiateAction" time="81.085">
    <error message="no such element: Unable to locate element: {&quot;method&quot;:&quot;xpath&quot;,&quot;selector&quot;:&quot;(//*[@class=&#039;k-svg-i-caret-alt-down k-button-icon k-svg-icon k-icon ng-star-inserted&#039;])[4]&quot;}
  (Session info: chrome=138.0.7204.51)
For documentation on this error, please visit: http://seleniumhq.org/exceptions/no_such_element.html
Build info: version: &#039;3.141.0&#039;, revision: &#039;2ecb7d9a&#039;, time: &#039;2018-10-31T20:09:30&#039;
System info: host: &#039;TRPL-PUN-0268&#039;, ip: &#039;192.168.1.6&#039;, os.name: &#039;Windows 11&#039;, os.arch: &#039;amd64&#039;, os.version: &#039;10.0&#039;, java.version: &#039;23.0.1&#039;
Driver info: org.openqa.selenium.chrome.ChromeDriver
Capabilities {acceptInsecureCerts: false, browserName: chrome, browserVersion: 138.0.7204.51, chrome: {chromedriverVersion: 138.0.7204.92 (f079b9bc781e..., userDataDir: C:\Users\bilali\AppData\Loc...}, fedcm:accounts: true, goog:chromeOptions: {debuggerAddress: localhost:53527}, javascriptEnabled: true, networkConnectionEnabled: false, pageLoadStrategy: normal, platform: WINDOWS, platformName: WINDOWS, proxy: Proxy(), setWindowRect: true, strictFileInteractability: false, timeouts: {implicit: 0, pageLoad: 300000, script: 30000}, unhandledPromptBehavior: dismiss and notify, webauthn:extension:credBlob: true, webauthn:extension:largeBlob: true, webauthn:extension:minPinLength: true, webauthn:extension:prf: true, webauthn:virtualAuthenticators: true}
Session ID: 412972e98000ce8eddd3192d1bd909a6
*** Element info: {Using=xpath, value=(//*[@class=&#039;k-svg-i-caret-alt-down k-button-icon k-svg-icon k-icon ng-star-inserted&#039;])[4]}" type="org.openqa.selenium.NoSuchElementException">
      <![CDATA[org.openqa.selenium.NoSuchElementException: no such element: Unable to locate element: {"method":"xpath","selector":"(//*[@class='k-svg-i-caret-alt-down k-button-icon k-svg-icon k-icon ng-star-inserted'])[4]"}
  (Session info: chrome=138.0.7204.51)
For documentation on this error, please visit: http://seleniumhq.org/exceptions/no_such_element.html
Build info: version: '3.141.0', revision: '2ecb7d9a', time: '2018-10-31T20:09:30'
System info: host: 'TRPL-PUN-0268', ip: '192.168.1.6', os.name: 'Windows 11', os.arch: 'amd64', os.version: '10.0', java.version: '23.0.1'
Driver info: org.openqa.selenium.chrome.ChromeDriver
Capabilities {acceptInsecureCerts: false, browserName: chrome, browserVersion: 138.0.7204.51, chrome: {chromedriverVersion: 138.0.7204.92 (f079b9bc781e..., userDataDir: C:\Users\bilali\AppData\Loc...}, fedcm:accounts: true, goog:chromeOptions: {debuggerAddress: localhost:53527}, javascriptEnabled: true, networkConnectionEnabled: false, pageLoadStrategy: normal, platform: WINDOWS, platformName: WINDOWS, proxy: Proxy(), setWindowRect: true, strictFileInteractability: false, timeouts: {implicit: 0, pageLoad: 300000, script: 30000}, unhandledPromptBehavior: dismiss and notify, webauthn:extension:credBlob: true, webauthn:extension:largeBlob: true, webauthn:extension:minPinLength: true, webauthn:extension:prf: true, webauthn:virtualAuthenticators: true}
Session ID: 412972e98000ce8eddd3192d1bd909a6
*** Element info: {Using=xpath, value=(//*[@class='k-svg-i-caret-alt-down k-button-icon k-svg-icon k-icon ng-star-inserted'])[4]}
at java.base/jdk.internal.reflect.DirectConstructorHandleAccessor.newInstance(DirectConstructorHandleAccessor.java:62)
at java.base/java.lang.reflect.Constructor.newInstanceWithCaller(Constructor.java:501)
at java.base/java.lang.reflect.Constructor.newInstance(Constructor.java:485)
at org.openqa.selenium.remote.http.W3CHttpResponseCodec.createException(W3CHttpResponseCodec.java:187)
at org.openqa.selenium.remote.http.W3CHttpResponseCodec.decode(W3CHttpResponseCodec.java:122)
at org.openqa.selenium.remote.http.W3CHttpResponseCodec.decode(W3CHttpResponseCodec.java:49)
at org.openqa.selenium.remote.HttpCommandExecutor.execute(HttpCommandExecutor.java:158)
at org.openqa.selenium.remote.service.DriverCommandExecutor.execute(DriverCommandExecutor.java:83)
at org.openqa.selenium.remote.RemoteWebDriver.execute(RemoteWebDriver.java:552)
at org.openqa.selenium.remote.RemoteWebDriver.findElement(RemoteWebDriver.java:323)
at org.openqa.selenium.remote.RemoteWebDriver.findElementByXPath(RemoteWebDriver.java:428)
at org.openqa.selenium.By$ByXPath.findElement(By.java:353)
at org.openqa.selenium.remote.RemoteWebDriver.findElement(RemoteWebDriver.java:315)
at coordinator.CoordinatorLocator.clickActivityTab(CoordinatorLocator.java:422)
at coordinator.CoordinatorMethod.ExistingLicenseInitiateAction(CoordinatorMethod.java:2908)
at testCases.CoordinatorTestCases.ExistingLicenseInitiateAction(CoordinatorTestCases.java:591)
at java.base/jdk.internal.reflect.DirectMethodHandleAccessor.invoke(DirectMethodHandleAccessor.java:103)
at java.base/java.lang.reflect.Method.invoke(Method.java:580)
at org.testng.internal.invokers.MethodInvocationHelper.invokeMethod(MethodInvocationHelper.java:139)
at org.testng.internal.invokers.TestInvoker.invokeMethod(TestInvoker.java:677)
at org.testng.internal.invokers.TestInvoker.invokeTestMethod(TestInvoker.java:221)
at org.testng.internal.invokers.MethodRunner.runInSequence(MethodRunner.java:50)
at org.testng.internal.invokers.TestInvoker$MethodInvocationAgent.invoke(TestInvoker.java:969)
at org.testng.internal.invokers.TestInvoker.invokeTestMethods(TestInvoker.java:194)
at org.testng.internal.invokers.TestMethodWorker.invokeTestMethods(TestMethodWorker.java:148)
at org.testng.internal.invokers.TestMethodWorker.run(TestMethodWorker.java:128)
at java.base/java.util.ArrayList.forEach(ArrayList.java:1597)
at org.testng.TestRunner.privateRun(TestRunner.java:829)
at org.testng.TestRunner.run(TestRunner.java:602)
at org.testng.SuiteRunner.runTest(SuiteRunner.java:437)
at org.testng.SuiteRunner.runSequentially(SuiteRunner.java:431)
at org.testng.SuiteRunner.privateRun(SuiteRunner.java:391)
at org.testng.SuiteRunner.run(SuiteRunner.java:330)
at org.testng.SuiteRunnerWorker.runSuite(SuiteRunnerWorker.java:52)
at org.testng.SuiteRunnerWorker.run(SuiteRunnerWorker.java:95)
at org.testng.TestNG.runSuitesSequentially(TestNG.java:1256)
at org.testng.TestNG.runSuitesLocally(TestNG.java:1176)
at org.testng.TestNG.runSuites(TestNG.java:1099)
at org.testng.TestNG.run(TestNG.java:1067)
at org.testng.remote.AbstractRemoteTestNG.run(AbstractRemoteTestNG.java:115)
at org.testng.remote.RemoteTestNG.initAndRun(RemoteTestNG.java:293)
at org.testng.remote.RemoteTestNG.main(RemoteTestNG.java:91)
]]>
    </error>
  </testcase> <!-- ExistingLicenseInitiateAction -->
  <system-out/>
  <testcase classname="testCases.CoordinatorTestCases" name="ExistingLicenseDownload" time="56.250"/>
  <system-out/>
</testsuite> <!-- testCases.CoordinatorTestCases -->
