<?xml version="1.0" encoding="UTF-8"?>
<!-- Generated by org.testng.reporters.JUnitReportReporter -->
<testsuite hostname="TRPL-PUN-0268" failures="0" tests="1" name="testCases.All_Client_Portal_TestCases" time="107.564" errors="0" timestamp="2025-07-09T09:52:35 IST" skipped="0">
  <testcase classname="testCases.All_Client_Portal_TestCases" name="clearbtnEcComplied" time="107.564"/>
  <system-out/>
</testsuite> <!-- testCases.All_Client_Portal_TestCases -->
