<?xml version="1.0" encoding="UTF-8"?>
<!-- Generated by org.testng.reporters.JUnitReportReporter -->
<testsuite hostname="TRPL-PUN-0268" failures="0" tests="1" name="testCases.ReviewerTestCases" time="102.171" errors="0" timestamp="2025-06-26T18:46:48 IST" skipped="0">
  <testcase classname="testCases.ReviewerTestCases" name="StatutoryDocDownloadDoc" time="102.171"/>
  <system-out/>
</testsuite> <!-- testCases.ReviewerTestCases -->
