<?xml version="1.0" encoding="UTF-8"?>
<!-- Generated by org.testng.reporters.JUnitReportReporter -->
<testsuite hostname="TRPL-PUN-0268" failures="0" tests="1" name="testCases.CoordinatorTestCases" time="53.011" errors="0" timestamp="2025-07-23T13:01:50 IST" skipped="0">
  <testcase classname="testCases.CoordinatorTestCases" name="EditIconBasicInfoSave" time="53.011"/>
  <system-out/>
</testsuite> <!-- testCases.CoordinatorTestCases -->
