<?xml version="1.0" encoding="UTF-8"?>
<!-- Generated by org.testng.reporters.JUnitReportReporter -->
<testsuite hostname="TRPL-PUN-0268" failures="0" tests="1" name="testCases.ClientPortalTest" time="63.001" errors="0" timestamp="2025-03-12T16:18:20 IST" skipped="0">
  <testcase classname="testCases.ClientPortalTest" name="CriticalDocumentshare" time="63.001"/>
  <system-out/>
</testsuite> <!-- testCases.ClientPortalTest -->
