<?xml version="1.0" encoding="UTF-8"?>
<!-- Generated by org.testng.reporters.JUnitReportReporter -->
<testsuite hostname="TRPL-PUN-0268" failures="0" tests="1" name="testCases.PerformerT" time="88.460" errors="0" timestamp="2025-07-19T22:18:22 IST" skipped="0">
  <testcase classname="testCases.PerformerT" name="StaturyDocPF_Basic_EPFwagesMatching" time="88.460"/>
  <system-out/>
</testsuite> <!-- testCases.PerformerT -->
