<?xml version="1.0" encoding="UTF-8"?>
<!-- Generated by org.testng.reporters.JUnitReportReporter -->
<testsuite hostname="TRPL-PUN-0268" failures="0" tests="1" name="testCases.PerformerT" time="110.502" errors="0" timestamp="2025-07-23T19:51:28 IST" skipped="0">
  <testcase classname="testCases.PerformerT" name="StaturyDocPF_Basic_BasicWagesColumn" time="110.502"/>
  <system-out/>
</testsuite> <!-- testCases.PerformerT -->
