<?xml version="1.0" encoding="UTF-8"?>
<!-- Generated by org.testng.reporters.JUnitReportReporter -->
<testsuite hostname="TRPL-PUN-0268" failures="0" tests="1" name="testCases.ReviewerTest" time="77.343" errors="0" timestamp="2025-06-27T11:47:02 IST" skipped="0">
  <testcase classname="testCases.ReviewerTest" name="ChangePassEyeButton" time="77.343"/>
  <system-out/>
</testsuite> <!-- testCases.ReviewerTest -->
