<?xml version="1.0" encoding="UTF-8"?>
<!-- Generated by org.testng.reporters.JUnitReportReporter -->
<testsuite hostname="TRPL-PUN-0268" failures="0" tests="1" name="testCases.DistributorTestCase" time="46.027" errors="0" timestamp="2025-03-24T15:20:17 IST" skipped="0">
  <testcase classname="testCases.DistributorTestCase" name="ActivationDateChangeCLRA" time="46.027"/>
  <system-out/>
</testsuite> <!-- testCases.DistributorTestCase -->
