<?xml version="1.0" encoding="UTF-8"?>
<!-- Generated by org.testng.reporters.JUnitReportReporter -->
<testsuite hostname="TRPL-PUN-0268" failures="0" tests="1" name="testCases.All_Distributor_TWO" time="117.208" errors="0" timestamp="2025-07-14T21:41:47 IST" skipped="0">
  <testcase classname="testCases.All_Distributor_TWO" name="CLRA_EmployeeMap_bulkUpload" time="117.208"/>
  <system-out/>
</testsuite> <!-- testCases.All_Distributor_TWO -->
