<?xml version="1.0" encoding="UTF-8"?>
<!-- Generated by org.testng.reporters.JUnitReportReporter -->
<testsuite hostname="TRPL-PUN-0268" failures="0" tests="1" name="testCases.ClientsTest" time="85.644" errors="0" timestamp="2025-03-18T11:20:25 IST" skipped="0">
  <testcase classname="testCases.ClientsTest" name="RegistrationStatusExport" time="85.644"/>
  <system-out/>
</testsuite> <!-- testCases.ClientsTest -->
