<?xml version="1.0" encoding="UTF-8"?>
<!-- Generated by org.testng.reporters.JUnitReportReporter -->
<testsuite hostname="TRPL-PUN-0268" failures="0" tests="1" name="testCases.CoordinatorTestCases" time="69.831" errors="0" timestamp="2025-07-24T10:26:32 IST" skipped="0">
  <testcase classname="testCases.CoordinatorTestCases" name="ExistingLicenseDownload" time="69.831"/>
  <system-out/>
</testsuite> <!-- testCases.CoordinatorTestCases -->
