<?xml version="1.0" encoding="UTF-8"?>
<!-- Generated by org.testng.reporters.JUnitReportReporter -->
<testsuite hostname="TRPL-PUN-0268" failures="0" tests="36" name="testCases.All_Reviewer_TestCase" time="4022.379" errors="2" timestamp="2025-07-17T19:09:06 IST" skipped="0">
  <testcase classname="testCases.All_Reviewer_TestCase" name="CompanyLogo" time="35.213"/>
  <system-out/>
  <testcase classname="testCases.All_Reviewer_TestCase" name="Logout" time="54.593"/>
  <system-out/>
  <testcase classname="testCases.All_Reviewer_TestCase" name="ChangePassWithInvalidCurrentPass" time="128.755"/>
  <system-out/>
  <testcase classname="testCases.All_Reviewer_TestCase" name="ChangePass" time="40.239"/>
  <system-out/>
  <testcase classname="testCases.All_Reviewer_TestCase" name="EntitiesSearch" time="33.018"/>
  <system-out/>
  <testcase classname="testCases.All_Reviewer_TestCase" name="EntityExcelDownload" time="90.748"/>
  <system-out/>
  <testcase classname="testCases.All_Reviewer_TestCase" name="PortalLogin" time="49.539"/>
  <system-out/>
  <testcase classname="testCases.All_Reviewer_TestCase" name="ComplianceBox" time="286.564"/>
  <system-out/>
  <testcase classname="testCases.All_Reviewer_TestCase" name="UpcomingBox" time="206.928"/>
  <system-out/>
  <testcase classname="testCases.All_Reviewer_TestCase" name="OverdueBox" time="206.398"/>
  <system-out/>
  <testcase classname="testCases.All_Reviewer_TestCase" name="PendingActionBox" time="147.199">
    <error message="element click intercepted: Element &lt;span class=&quot;k-input-value-text&quot;&gt;...&lt;/span&gt; is not clickable at point (749, 206). Other element would receive the click: &lt;div _ngcontent-ng-c3099927009=&quot;&quot; style=&quot;display: flex; justify-content: space-between;&quot; class=&quot;ng-tns-c1063677181-3 ng-star-inserted&quot;&gt;...&lt;/div&gt;
  (Session info: chrome=138.0.7204.101)
Build info: version: &#039;3.141.0&#039;, revision: &#039;2ecb7d9a&#039;, time: &#039;2018-10-31T20:09:30&#039;
System info: host: &#039;TRPL-PUN-0268&#039;, ip: &#039;192.168.1.6&#039;, os.name: &#039;Windows 11&#039;, os.arch: &#039;amd64&#039;, os.version: &#039;10.0&#039;, java.version: &#039;23.0.1&#039;
Driver info: org.openqa.selenium.chrome.ChromeDriver
Capabilities {acceptInsecureCerts: false, browserName: chrome, browserVersion: 138.0.7204.101, chrome: {chromedriverVersion: 138.0.7204.92 (f079b9bc781e..., userDataDir: C:\Users\bilali\AppData\Loc...}, fedcm:accounts: true, goog:chromeOptions: {debuggerAddress: localhost:57800}, javascriptEnabled: true, networkConnectionEnabled: false, pageLoadStrategy: normal, platform: WINDOWS, platformName: WINDOWS, proxy: Proxy(), setWindowRect: true, strictFileInteractability: false, timeouts: {implicit: 0, pageLoad: 300000, script: 30000}, unhandledPromptBehavior: dismiss and notify, webauthn:extension:credBlob: true, webauthn:extension:largeBlob: true, webauthn:extension:minPinLength: true, webauthn:extension:prf: true, webauthn:virtualAuthenticators: true}
Session ID: 38c5a81a6b3d845af91ebc9339348eb9" type="org.openqa.selenium.ElementClickInterceptedException">
      <![CDATA[org.openqa.selenium.ElementClickInterceptedException: element click intercepted: Element <span class="k-input-value-text">...</span> is not clickable at point (749, 206). Other element would receive the click: <div _ngcontent-ng-c3099927009="" style="display: flex; justify-content: space-between;" class="ng-tns-c1063677181-3 ng-star-inserted">...</div>
  (Session info: chrome=138.0.7204.101)
Build info: version: '3.141.0', revision: '2ecb7d9a', time: '2018-10-31T20:09:30'
System info: host: 'TRPL-PUN-0268', ip: '192.168.1.6', os.name: 'Windows 11', os.arch: 'amd64', os.version: '10.0', java.version: '23.0.1'
Driver info: org.openqa.selenium.chrome.ChromeDriver
Capabilities {acceptInsecureCerts: false, browserName: chrome, browserVersion: 138.0.7204.101, chrome: {chromedriverVersion: 138.0.7204.92 (f079b9bc781e..., userDataDir: C:\Users\bilali\AppData\Loc...}, fedcm:accounts: true, goog:chromeOptions: {debuggerAddress: localhost:57800}, javascriptEnabled: true, networkConnectionEnabled: false, pageLoadStrategy: normal, platform: WINDOWS, platformName: WINDOWS, proxy: Proxy(), setWindowRect: true, strictFileInteractability: false, timeouts: {implicit: 0, pageLoad: 300000, script: 30000}, unhandledPromptBehavior: dismiss and notify, webauthn:extension:credBlob: true, webauthn:extension:largeBlob: true, webauthn:extension:minPinLength: true, webauthn:extension:prf: true, webauthn:virtualAuthenticators: true}
Session ID: 38c5a81a6b3d845af91ebc9339348eb9
at java.base/jdk.internal.reflect.DirectConstructorHandleAccessor.newInstance(DirectConstructorHandleAccessor.java:62)
at java.base/java.lang.reflect.Constructor.newInstanceWithCaller(Constructor.java:501)
at java.base/java.lang.reflect.Constructor.newInstance(Constructor.java:485)
at org.openqa.selenium.remote.http.W3CHttpResponseCodec.createException(W3CHttpResponseCodec.java:187)
at org.openqa.selenium.remote.http.W3CHttpResponseCodec.decode(W3CHttpResponseCodec.java:122)
at org.openqa.selenium.remote.http.W3CHttpResponseCodec.decode(W3CHttpResponseCodec.java:49)
at org.openqa.selenium.remote.HttpCommandExecutor.execute(HttpCommandExecutor.java:158)
at org.openqa.selenium.remote.service.DriverCommandExecutor.execute(DriverCommandExecutor.java:83)
at org.openqa.selenium.remote.RemoteWebDriver.execute(RemoteWebDriver.java:552)
at org.openqa.selenium.remote.RemoteWebElement.execute(RemoteWebElement.java:285)
at org.openqa.selenium.remote.RemoteWebElement.click(RemoteWebElement.java:84)
at distributor.MethodsD.PendingActionBox(MethodsD.java:1644)
at testCases.All_Reviewer_TestCase.PendingActionBox(All_Reviewer_TestCase.java:198)
at java.base/jdk.internal.reflect.DirectMethodHandleAccessor.invoke(DirectMethodHandleAccessor.java:103)
at java.base/java.lang.reflect.Method.invoke(Method.java:580)
at org.testng.internal.invokers.MethodInvocationHelper.invokeMethod(MethodInvocationHelper.java:139)
at org.testng.internal.invokers.TestInvoker.invokeMethod(TestInvoker.java:677)
at org.testng.internal.invokers.TestInvoker.invokeTestMethod(TestInvoker.java:221)
at org.testng.internal.invokers.MethodRunner.runInSequence(MethodRunner.java:50)
at org.testng.internal.invokers.TestInvoker$MethodInvocationAgent.invoke(TestInvoker.java:969)
at org.testng.internal.invokers.TestInvoker.invokeTestMethods(TestInvoker.java:194)
at org.testng.internal.invokers.TestMethodWorker.invokeTestMethods(TestMethodWorker.java:148)
at org.testng.internal.invokers.TestMethodWorker.run(TestMethodWorker.java:128)
at java.base/java.util.ArrayList.forEach(ArrayList.java:1597)
at org.testng.TestRunner.privateRun(TestRunner.java:829)
at org.testng.TestRunner.run(TestRunner.java:602)
at org.testng.SuiteRunner.runTest(SuiteRunner.java:437)
at org.testng.SuiteRunner.runSequentially(SuiteRunner.java:431)
at org.testng.SuiteRunner.privateRun(SuiteRunner.java:391)
at org.testng.SuiteRunner.run(SuiteRunner.java:330)
at org.testng.SuiteRunnerWorker.runSuite(SuiteRunnerWorker.java:52)
at org.testng.SuiteRunnerWorker.run(SuiteRunnerWorker.java:95)
at org.testng.TestNG.runSuitesSequentially(TestNG.java:1256)
at org.testng.TestNG.runSuitesLocally(TestNG.java:1176)
at org.testng.TestNG.runSuites(TestNG.java:1099)
at org.testng.TestNG.run(TestNG.java:1067)
at org.testng.remote.AbstractRemoteTestNG.run(AbstractRemoteTestNG.java:115)
at org.testng.remote.RemoteTestNG.initAndRun(RemoteTestNG.java:293)
at org.testng.remote.RemoteTestNG.main(RemoteTestNG.java:91)
]]>
    </error>
  </testcase> <!-- PendingActionBox -->
  <system-out/>
  <testcase classname="testCases.All_Reviewer_TestCase" name="PendingReviewBox" time="176.091"/>
  <system-out/>
  <testcase classname="testCases.All_Reviewer_TestCase" name="RegisterUpcoming" time="197.348"/>
  <system-out/>
  <testcase classname="testCases.All_Reviewer_TestCase" name="RegisterOverdue" time="196.413"/>
  <system-out/>
  <testcase classname="testCases.All_Reviewer_TestCase" name="RegisterActionReview" time="62.687"/>
  <system-out/>
  <testcase classname="testCases.All_Reviewer_TestCase" name="ReturnUpcoming" time="189.590"/>
  <system-out/>
  <testcase classname="testCases.All_Reviewer_TestCase" name="ReturnOverdue" time="50.846"/>
  <system-out/>
  <testcase classname="testCases.All_Reviewer_TestCase" name="ReturnActionReview" time="55.301"/>
  <system-out/>
  <testcase classname="testCases.All_Reviewer_TestCase" name="ChallanUpcoming" time="178.847"/>
  <system-out/>
  <testcase classname="testCases.All_Reviewer_TestCase" name="ChallanOverdue" time="150.637">
    <error message="element click intercepted: Element &lt;span class=&quot;k-input-value-text&quot;&gt;...&lt;/span&gt; is not clickable at point (432, 495). Other element would receive the click: &lt;div class=&quot;k-overlay ng-tns-c1063677181-3 ng-trigger ng-trigger-overlayAppear&quot;&gt;&lt;/div&gt;
  (Session info: chrome=138.0.7204.101)
Build info: version: &#039;3.141.0&#039;, revision: &#039;2ecb7d9a&#039;, time: &#039;2018-10-31T20:09:30&#039;
System info: host: &#039;TRPL-PUN-0268&#039;, ip: &#039;192.168.1.6&#039;, os.name: &#039;Windows 11&#039;, os.arch: &#039;amd64&#039;, os.version: &#039;10.0&#039;, java.version: &#039;23.0.1&#039;
Driver info: org.openqa.selenium.chrome.ChromeDriver
Capabilities {acceptInsecureCerts: false, browserName: chrome, browserVersion: 138.0.7204.101, chrome: {chromedriverVersion: 138.0.7204.92 (f079b9bc781e..., userDataDir: C:\Users\bilali\AppData\Loc...}, fedcm:accounts: true, goog:chromeOptions: {debuggerAddress: localhost:58248}, javascriptEnabled: true, networkConnectionEnabled: false, pageLoadStrategy: normal, platform: WINDOWS, platformName: WINDOWS, proxy: Proxy(), setWindowRect: true, strictFileInteractability: false, timeouts: {implicit: 0, pageLoad: 300000, script: 30000}, unhandledPromptBehavior: dismiss and notify, webauthn:extension:credBlob: true, webauthn:extension:largeBlob: true, webauthn:extension:minPinLength: true, webauthn:extension:prf: true, webauthn:virtualAuthenticators: true}
Session ID: ddab616adff40797d09560772c0c06dd" type="org.openqa.selenium.ElementClickInterceptedException">
      <![CDATA[org.openqa.selenium.ElementClickInterceptedException: element click intercepted: Element <span class="k-input-value-text">...</span> is not clickable at point (432, 495). Other element would receive the click: <div class="k-overlay ng-tns-c1063677181-3 ng-trigger ng-trigger-overlayAppear"></div>
  (Session info: chrome=138.0.7204.101)
Build info: version: '3.141.0', revision: '2ecb7d9a', time: '2018-10-31T20:09:30'
System info: host: 'TRPL-PUN-0268', ip: '192.168.1.6', os.name: 'Windows 11', os.arch: 'amd64', os.version: '10.0', java.version: '23.0.1'
Driver info: org.openqa.selenium.chrome.ChromeDriver
Capabilities {acceptInsecureCerts: false, browserName: chrome, browserVersion: 138.0.7204.101, chrome: {chromedriverVersion: 138.0.7204.92 (f079b9bc781e..., userDataDir: C:\Users\bilali\AppData\Loc...}, fedcm:accounts: true, goog:chromeOptions: {debuggerAddress: localhost:58248}, javascriptEnabled: true, networkConnectionEnabled: false, pageLoadStrategy: normal, platform: WINDOWS, platformName: WINDOWS, proxy: Proxy(), setWindowRect: true, strictFileInteractability: false, timeouts: {implicit: 0, pageLoad: 300000, script: 30000}, unhandledPromptBehavior: dismiss and notify, webauthn:extension:credBlob: true, webauthn:extension:largeBlob: true, webauthn:extension:minPinLength: true, webauthn:extension:prf: true, webauthn:virtualAuthenticators: true}
Session ID: ddab616adff40797d09560772c0c06dd
at java.base/jdk.internal.reflect.DirectConstructorHandleAccessor.newInstance(DirectConstructorHandleAccessor.java:62)
at java.base/java.lang.reflect.Constructor.newInstanceWithCaller(Constructor.java:501)
at java.base/java.lang.reflect.Constructor.newInstance(Constructor.java:485)
at org.openqa.selenium.remote.http.W3CHttpResponseCodec.createException(W3CHttpResponseCodec.java:187)
at org.openqa.selenium.remote.http.W3CHttpResponseCodec.decode(W3CHttpResponseCodec.java:122)
at org.openqa.selenium.remote.http.W3CHttpResponseCodec.decode(W3CHttpResponseCodec.java:49)
at org.openqa.selenium.remote.HttpCommandExecutor.execute(HttpCommandExecutor.java:158)
at org.openqa.selenium.remote.service.DriverCommandExecutor.execute(DriverCommandExecutor.java:83)
at org.openqa.selenium.remote.RemoteWebDriver.execute(RemoteWebDriver.java:552)
at org.openqa.selenium.remote.RemoteWebElement.execute(RemoteWebElement.java:285)
at org.openqa.selenium.remote.RemoteWebElement.click(RemoteWebElement.java:84)
at distributor.MethodsD.ChallanOverdue(MethodsD.java:2915)
at testCases.All_Reviewer_TestCase.ChallanOverdue(All_Reviewer_TestCase.java:304)
at java.base/jdk.internal.reflect.DirectMethodHandleAccessor.invoke(DirectMethodHandleAccessor.java:103)
at java.base/java.lang.reflect.Method.invoke(Method.java:580)
at org.testng.internal.invokers.MethodInvocationHelper.invokeMethod(MethodInvocationHelper.java:139)
at org.testng.internal.invokers.TestInvoker.invokeMethod(TestInvoker.java:677)
at org.testng.internal.invokers.TestInvoker.invokeTestMethod(TestInvoker.java:221)
at org.testng.internal.invokers.MethodRunner.runInSequence(MethodRunner.java:50)
at org.testng.internal.invokers.TestInvoker$MethodInvocationAgent.invoke(TestInvoker.java:969)
at org.testng.internal.invokers.TestInvoker.invokeTestMethods(TestInvoker.java:194)
at org.testng.internal.invokers.TestMethodWorker.invokeTestMethods(TestMethodWorker.java:148)
at org.testng.internal.invokers.TestMethodWorker.run(TestMethodWorker.java:128)
at java.base/java.util.ArrayList.forEach(ArrayList.java:1597)
at org.testng.TestRunner.privateRun(TestRunner.java:829)
at org.testng.TestRunner.run(TestRunner.java:602)
at org.testng.SuiteRunner.runTest(SuiteRunner.java:437)
at org.testng.SuiteRunner.runSequentially(SuiteRunner.java:431)
at org.testng.SuiteRunner.privateRun(SuiteRunner.java:391)
at org.testng.SuiteRunner.run(SuiteRunner.java:330)
at org.testng.SuiteRunnerWorker.runSuite(SuiteRunnerWorker.java:52)
at org.testng.SuiteRunnerWorker.run(SuiteRunnerWorker.java:95)
at org.testng.TestNG.runSuitesSequentially(TestNG.java:1256)
at org.testng.TestNG.runSuitesLocally(TestNG.java:1176)
at org.testng.TestNG.runSuites(TestNG.java:1099)
at org.testng.TestNG.run(TestNG.java:1067)
at org.testng.remote.AbstractRemoteTestNG.run(AbstractRemoteTestNG.java:115)
at org.testng.remote.RemoteTestNG.initAndRun(RemoteTestNG.java:293)
at org.testng.remote.RemoteTestNG.main(RemoteTestNG.java:91)
]]>
    </error>
  </testcase> <!-- ChallanOverdue -->
  <system-out/>
  <testcase classname="testCases.All_Reviewer_TestCase" name="ChallanActionReview" time="59.433"/>
  <system-out/>
  <testcase classname="testCases.All_Reviewer_TestCase" name="StateCitySearch" time="76.684"/>
  <system-out/>
  <testcase classname="testCases.All_Reviewer_TestCase" name="DesignationSearch" time="80.600"/>
  <system-out/>
  <testcase classname="testCases.All_Reviewer_TestCase" name="MyDocumentSearch" time="58.735"/>
  <system-out/>
  <testcase classname="testCases.All_Reviewer_TestCase" name="RegulatoryAbstractFilters" time="78.248"/>
  <system-out/>
  <testcase classname="testCases.All_Reviewer_TestCase" name="RegulatoryAbstractUpload" time="124.120"/>
  <system-out/>
  <testcase classname="testCases.All_Reviewer_TestCase" name="RegulatoryAbstractUploadError" time="79.119"/>
  <system-out/>
  <testcase classname="testCases.All_Reviewer_TestCase" name="RegulatoryAbstractRegional" time="87.178"/>
  <system-out/>
  <testcase classname="testCases.All_Reviewer_TestCase" name="RegulatoryAbstractEnglish" time="89.025"/>
  <system-out/>
  <testcase classname="testCases.All_Reviewer_TestCase" name="RegulatoryAbstractAcknowledgement" time="111.353"/>
  <system-out/>
  <testcase classname="testCases.All_Reviewer_TestCase" name="StatutoryDocApplyClaerBtn" time="82.081"/>
  <system-out/>
  <testcase classname="testCases.All_Reviewer_TestCase" name="StatutoryDocFilter" time="63.153"/>
  <system-out/>
  <testcase classname="testCases.All_Reviewer_TestCase" name="StateDocZipFile" time="96.701"/>
  <system-out/>
  <testcase classname="testCases.All_Reviewer_TestCase" name="StateDownloadDoc" time="124.654"/>
  <system-out/>
  <testcase classname="testCases.All_Reviewer_TestCase" name="StatutoryDocViewandOverview" time="150.718"/>
  <system-out/>
  <testcase classname="testCases.All_Reviewer_TestCase" name="StatutoryDocZipFile" time="123.623"/>
  <system-out/>
</testsuite> <!-- testCases.All_Reviewer_TestCase -->
