<?xml version="1.0" encoding="UTF-8"?>
<!-- Generated by org.testng.reporters.JUnitReportReporter -->
<testsuite hostname="TRPL-PUN-0268" failures="0" tests="1" name="testCases.All_Distributor_TWO" time="162.543" errors="0" timestamp="2025-07-15T17:19:06 IST" skipped="0">
  <testcase classname="testCases.All_Distributor_TWO" name="CompliedMediumRiskSummaryFilter" time="162.543"/>
  <system-out/>
</testsuite> <!-- testCases.All_Distributor_TWO -->
