<?xml version="1.0" encoding="UTF-8"?>
<!-- Generated by org.testng.reporters.JUnitReportReporter -->
<testsuite hostname="TRPL-PUN-0268" failures="0" tests="10" name="testCases.FailedTC2" time="1209.343" errors="0" timestamp="2025-07-09T19:35:37 IST" skipped="0">
  <testcase classname="testCases.FailedTC2" name="clearbtnEcComplied" time="110.503"/>
  <system-out/>
  <testcase classname="testCases.FailedTC2" name="exportEcComplied" time="129.688"/>
  <system-out/>
  <testcase classname="testCases.FailedTC2" name="ECComplied" time="110.896"/>
  <system-out/>
  <testcase classname="testCases.FailedTC2" name="overviewECComplied" time="94.782"/>
  <system-out/>
  <testcase classname="testCases.FailedTC2" name="downloadECComplied" time="121.764"/>
  <system-out/>
  <testcase classname="testCases.FailedTC2" name="PaginationECComplied" time="186.176"/>
  <system-out/>
  <testcase classname="testCases.FailedTC2" name="searchECOverdue" time="107.225"/>
  <system-out/>
  <testcase classname="testCases.FailedTC2" name="clearBtnECOverdue" time="106.756"/>
  <system-out/>
  <testcase classname="testCases.FailedTC2" name="exportEC" time="123.779"/>
  <system-out/>
  <testcase classname="testCases.FailedTC2" name="ECOverdue" time="117.774"/>
  <system-out/>
</testsuite> <!-- testCases.FailedTC2 -->
